Removed Pin From Net: NetName=BSPD_TEST Pin=CN1-1
Removed Pin From Net: NetName=HVB_PWR Pin=CN1-2
Removed Pin From Net: NetName=ACC_FAN_PWR_IN Pin=CN1-3
Removed Pin From Net: NetName=PRECHRG_CTRL Pin=CN1-4
Removed Pin From Net: NetName=AMS_PWR Pin=CN1-5
Removed Pin From Net: NetName=EMETER_PWR Pin=CN1-6
Removed Pin From Net: NetName=AMS_CLR_ERR Pin=CN1-7
Removed Pin From Net: NetName=AIR+_CTRL Pin=CN1-8
Removed Pin From Net: NetName=IMD_RESIST Pin=CN1-9
Removed Pin From Net: NetName=AIR+_FB Pin=CN1-10
Removed Pin From Net: NetName=AIR-_CTRL Pin=CN1-11
Removed Pin From Net: NetName=EXTRA_INPUT2 Pin=CN1-12
Removed Pin From Net: NetName=EXTRA_INPUT1 Pin=CN1-13
Removed Pin From Net: NetName=IMD_OK Pin=CN1-14
Removed Pin From Net: NetName=AIR-_FB Pin=CN1-15
Removed Pin From Net: NetName=CAN_SENS_P Pin=CN1-16
Removed Pin From Net: NetName=CAN_SENS_N Pin=CN1-17
Removed Pin From Net: NetName=SWO Pin=CN1-18
Removed Pin From Net: NetName=AMS_LED Pin=CN2-1
Removed Pin From Net: NetName=IMD_LED Pin=CN2-2
Removed Pin From Net: NetName=BSPD_LED Pin=CN2-3
Removed Pin From Net: NetName=AMBER_LED_GND Pin=CN2-4
Removed Pin From Net: NetName=CAN_N Pin=CN2-6
Removed Pin From Net: NetName=BRAKE_SENS Pin=CN2-7
Removed Pin From Net: NetName=CAN_P Pin=CN2-9
Removed Pin From Net: NetName=B\R\A\K\E\_\P\R\E\S\S\ Pin=CN2-10
Removed Pin From Net: NetName=GND Pin=CN2-11
Removed Pin From Net: NetName=CAN_SENS_N Pin=CN2-12
Removed Pin From Net: NetName=VCU_PWR Pin=CN2-13
Removed Pin From Net: NetName=CAN_SENS_P Pin=CN2-15
Removed Pin From Net: NetName=BRAKE_PWR Pin=CN2-16
Removed Pin From Net: NetName=BRAKE_LIGHT_GND Pin=CN2-17
Removed Pin From Net: NetName=GND Pin=CN2-18
Change Component Comment : Designator=CN1 Old Comment=5-1418363-1 New Comment=5-1418363-3
Change Component Comment : Designator=CN2 Old Comment=5-1418363-1 New Comment=5-1418363-3
Change Component Designator: OldDesignator=C1 NewDesignator=C2
Change Component Designator: OldDesignator=C2 NewDesignator=C3
Change Component Designator: OldDesignator=C3 NewDesignator=C6
Change Component Designator: OldDesignator=C4 NewDesignator=C7
Change Component Designator: OldDesignator=C5 NewDesignator=C4
Change Component Designator: OldDesignator=C6 NewDesignator=C5
Change Component Designator: OldDesignator=C7 NewDesignator=C10
Change Component Designator: OldDesignator=C8 NewDesignator=C11
Change Component Designator: OldDesignator=C9 NewDesignator=C12
Change Component Designator: OldDesignator=C10 NewDesignator=C13
Change Component Designator: OldDesignator=C11 NewDesignator=C14
Change Component Designator: OldDesignator=C12 NewDesignator=C15
Change Component Designator: OldDesignator=C13 NewDesignator=C16
Change Component Designator: OldDesignator=C14 NewDesignator=C17
Change Component Designator: OldDesignator=C15 NewDesignator=C18
Change Component Designator: OldDesignator=C16 NewDesignator=C19
Change Component Designator: OldDesignator=C17 NewDesignator=C20
Change Component Designator: OldDesignator=C18 NewDesignator=C21
Change Component Designator: OldDesignator=C19 NewDesignator=C22
Change Component Designator: OldDesignator=C20 NewDesignator=C1
Change Component Designator: OldDesignator=C21 NewDesignator=C8
Change Component Designator: OldDesignator=C22 NewDesignator=C9
Change Component Designator: OldDesignator=CN1 NewDesignator=CN3
Change Component Designator: OldDesignator=CN2 NewDesignator=CN4
Change Component Designator: OldDesignator=D22 NewDesignator=D21
Change Component Designator: OldDesignator=D23 NewDesignator=D22
Change Component Designator: OldDesignator=K? NewDesignator=K1
Change Component Designator: OldDesignator=Latching Delay NewDesignator=Latching Delay1
Change Component Designator: OldDesignator=LD2 NewDesignator=LD3
Change Component Designator: OldDesignator=LD3 NewDesignator=LD2
Change Component Designator: OldDesignator=Q2 NewDesignator=Q3
Change Component Designator: OldDesignator=Q3 NewDesignator=Q4
Change Component Designator: OldDesignator=Q4 NewDesignator=Q5
Change Component Designator: OldDesignator=Q5 NewDesignator=Q6
Change Component Designator: OldDesignator=Q6 NewDesignator=Q7
Change Component Designator: OldDesignator=Q7 NewDesignator=Q8
Change Component Designator: OldDesignator=Q10 NewDesignator=Q2
Change Component Designator: OldDesignator=R19 NewDesignator=R21
Change Component Designator: OldDesignator=R20 NewDesignator=R22
Change Component Designator: OldDesignator=R21 NewDesignator=R27
Change Component Designator: OldDesignator=R22 NewDesignator=R26
Change Component Designator: OldDesignator=R23 NewDesignator=R19
Change Component Designator: OldDesignator=R24 NewDesignator=R20
Change Component Designator: OldDesignator=R25 NewDesignator=R28
Change Component Designator: OldDesignator=R26 NewDesignator=R29
Change Component Designator: OldDesignator=R27 NewDesignator=R30
Change Component Designator: OldDesignator=R28 NewDesignator=R31
Change Component Designator: OldDesignator=R29 NewDesignator=R32
Change Component Designator: OldDesignator=R30 NewDesignator=R33
Change Component Designator: OldDesignator=R31 NewDesignator=R34
Change Component Designator: OldDesignator=R32 NewDesignator=R35
Change Component Designator: OldDesignator=R33 NewDesignator=R36
Change Component Designator: OldDesignator=R34 NewDesignator=R38
Change Component Designator: OldDesignator=R35 NewDesignator=R39
Change Component Designator: OldDesignator=R37 NewDesignator=R40
Change Component Designator: OldDesignator=R38 NewDesignator=R41
Change Component Designator: OldDesignator=R39 NewDesignator=R42
Change Component Designator: OldDesignator=R40 NewDesignator=R43
Change Component Designator: OldDesignator=R41 NewDesignator=R44
Change Component Designator: OldDesignator=R42 NewDesignator=R45
Change Component Designator: OldDesignator=R43 NewDesignator=R46
Change Component Designator: OldDesignator=R44 NewDesignator=R47
Change Component Designator: OldDesignator=R45 NewDesignator=R49
Change Component Designator: OldDesignator=R46 NewDesignator=R50
Change Component Designator: OldDesignator=R47 NewDesignator=R51
Change Component Designator: OldDesignator=R48 NewDesignator=R52
Change Component Designator: OldDesignator=R49 NewDesignator=R53
Change Component Designator: OldDesignator=R51 NewDesignator=R54
Change Component Designator: OldDesignator=R54 NewDesignator=R48
Change Component Designator: OldDesignator=R55 NewDesignator=R24
Change Component Designator: OldDesignator=R56 NewDesignator=R23
Change Component Designator: OldDesignator=R57 NewDesignator=R25
Change Component Designator: OldDesignator=R? NewDesignator=R37
Change Component Description : Designator=CN3 Old Description=Levyseal Vertical 39 pin header New Description=Levyseal 90 degree 39 pin header
Change Component Description : Designator=CN4 Old Description=Levyseal Vertical 39 pin header New Description=Levyseal 90 degree 39 pin header
Added Component: Designator=CN1(LeavySeal 39 pin Ver)
Added Component: Designator=CN2(LeavySeal 39 pin Ver)
Added Pin To Net: NetName=BSPD_TEST Pin=CN1-1
Added Pin To Net: NetName=HVB_PWR Pin=CN1-2
Added Pin To Net: NetName=ACC_FAN_PWR_IN Pin=CN1-3
Added Pin To Net: NetName=PRECHRG_CTRL Pin=CN1-4
Added Pin To Net: NetName=AMS_PWR Pin=CN1-5
Added Pin To Net: NetName=EMETER_PWR Pin=CN1-6
Added Pin To Net: NetName=AMS_CLR_ERR Pin=CN1-7
Added Pin To Net: NetName=AIR+_CTRL Pin=CN1-8
Added Pin To Net: NetName=IMD_RESIST Pin=CN1-9
Added Pin To Net: NetName=AIR+_FB Pin=CN1-10
Added Pin To Net: NetName=AIR-_CTRL Pin=CN1-11
Added Pin To Net: NetName=EXTRA_INPUT2 Pin=CN1-12
Added Pin To Net: NetName=EXTRA_INPUT1 Pin=CN1-13
Added Pin To Net: NetName=IMD_OK Pin=CN1-14
Added Pin To Net: NetName=AIR-_FB Pin=CN1-15
Added Pin To Net: NetName=CAN_SENS_P Pin=CN1-16
Added Pin To Net: NetName=CAN_SENS_N Pin=CN1-17
Added Pin To Net: NetName=SWO Pin=CN1-18
Added Pin To Net: NetName=AMS_LED Pin=CN2-1
Added Pin To Net: NetName=IMD_LED Pin=CN2-2
Added Pin To Net: NetName=BSPD_LED Pin=CN2-3
Added Pin To Net: NetName=AMBER_LED_GND Pin=CN2-4
Added Pin To Net: NetName=CAN_N Pin=CN2-6
Added Pin To Net: NetName=BRAKE_SENS Pin=CN2-7
Added Pin To Net: NetName=CAN_P Pin=CN2-9
Added Pin To Net: NetName=B\R\A\K\E\_\P\R\E\S\S\ Pin=CN2-10
Added Pin To Net: NetName=GND Pin=CN2-11
Added Pin To Net: NetName=CAN_SENS_N Pin=CN2-12
Added Pin To Net: NetName=VCU_PWR Pin=CN2-13
Added Pin To Net: NetName=CAN_SENS_P Pin=CN2-15
Added Pin To Net: NetName=BRAKE_PWR Pin=CN2-16
Added Pin To Net: NetName=BRAKE_LIGHT_GND Pin=CN2-17
Added Pin To Net: NetName=GND Pin=CN2-18
Change Net Name : Old Net Name=NetD22_2 New Net Name=NetD21_2
Change Net Name : Old Net Name=NetD23_2 New Net Name=NetD22_2
Change Net Name : Old Net Name=NetK?_A2 New Net Name=NetK1_A2
Change Net Name : Old Net Name=NetLatching Delay_1 New Net Name=NetLatching Delay1_1
Change Net Name : Old Net Name=NetLD2_5 New Net Name=NetLD3_5
Change Net Name : Old Net Name=NetQ4_2 New Net Name=NetQ5_2
Change Net Name : Old Net Name=NetQ5_4 New Net Name=NetQ6_4
Change Net Name : Old Net Name=NetQ6_3 New Net Name=NetQ7_3
Change Net Name : Old Net Name=NetQ7_2 New Net Name=NetQ8_2
Change Net Name : Old Net Name=NetQ10_1 New Net Name=NetQ2_1
Add Class: Class already exists: Designator
Add Class: Class already exists: Designator
Add Class: Class already exists: Designator
Add Class: Class already exists: Designator
Add Class: Class already exists: Designator
Added Member To Class: ClassName=1  - Connectors Member=Component CN3 5-1418363-3
Added Member To Class: ClassName=1  - Connectors Member=Component CN4 5-1418363-3
Added Room: Name=Designator
Added Room: Name=Designator
Added Room: Name=Designator
