Removed Member From Class: ClassName=Designator Member=C3
Change Component Designator: OldDesignator=C1 NewDesignator=C2
Change Component Designator: OldDesignator=C2 NewDesignator=C3
Change Component Designator: OldDesignator=C3 NewDesignator=C6
Change Component Designator: OldDesignator=C4 NewDesignator=C7
Change Component Designator: OldDesignator=C5 NewDesignator=C4
Change Component Designator: OldDesignator=C6 NewDesignator=C5
Change Component Designator: OldDesignator=C7 NewDesignator=C10
Change Component Designator: OldDesignator=C8 NewDesignator=C11
Change Component Designator: OldDesignator=C9 NewDesignator=C12
Change Component Designator: OldDesignator=C10 NewDesignator=C13
Change Component Designator: OldDesignator=C11 NewDesignator=C14
Change Component Designator: OldDesignator=C12 NewDesignator=C15
Change Component Designator: OldDesignator=C13 NewDesignator=C16
Change Component Designator: OldDesignator=C14 NewDesignator=C17
Change Component Designator: OldDesignator=C15 NewDesignator=C18
Change Component Designator: OldDesignator=C16 NewDesignator=C19
Change Component Designator: OldDesignator=C17 NewDesignator=C20
Change Component Designator: OldDesignator=C18 NewDesignator=C21
Change Component Designator: OldDesignator=C19 NewDesignator=C22
Change Component Designator: OldDesignator=C20 NewDesignator=C1
Change Component Designator: OldDesignator=C21 NewDesignator=C8
Change Component Designator: OldDesignator=C22 NewDesignator=C9
Change Component Designator: OldDesignator=D22 NewDesignator=D21
Change Component Designator: OldDesignator=D23 NewDesignator=D22
Change Component Designator: OldDesignator=K? NewDesignator=K1
Change Component Designator: OldDesignator=Latching Delay NewDesignator=Latching Delay1
Change Component Designator: OldDesignator=LD2 NewDesignator=LD3
Change Component Designator: OldDesignator=LD3 NewDesignator=LD2
Change Component Designator: OldDesignator=Q2 NewDesignator=Q3
Change Component Designator: OldDesignator=Q3 NewDesignator=Q4
Change Component Designator: OldDesignator=Q4 NewDesignator=Q5
Change Component Designator: OldDesignator=Q5 NewDesignator=Q6
Change Component Designator: OldDesignator=Q6 NewDesignator=Q7
Change Component Designator: OldDesignator=Q7 NewDesignator=Q8
Change Component Designator: OldDesignator=Q10 NewDesignator=Q2
Change Component Designator: OldDesignator=R19 NewDesignator=R21
Change Component Designator: OldDesignator=R20 NewDesignator=R22
Change Component Designator: OldDesignator=R21 NewDesignator=R27
Change Component Designator: OldDesignator=R22 NewDesignator=R26
Change Component Designator: OldDesignator=R23 NewDesignator=R19
Change Component Designator: OldDesignator=R24 NewDesignator=R20
Change Component Designator: OldDesignator=R25 NewDesignator=R28
Change Component Designator: OldDesignator=R26 NewDesignator=R29
Change Component Designator: OldDesignator=R27 NewDesignator=R30
Change Component Designator: OldDesignator=R28 NewDesignator=R31
Change Component Designator: OldDesignator=R29 NewDesignator=R32
Change Component Designator: OldDesignator=R30 NewDesignator=R33
Change Component Designator: OldDesignator=R31 NewDesignator=R34
Change Component Designator: OldDesignator=R32 NewDesignator=R35
Change Component Designator: OldDesignator=R33 NewDesignator=R36
Change Component Designator: OldDesignator=R34 NewDesignator=R38
Change Component Designator: OldDesignator=R35 NewDesignator=R39
Change Component Designator: OldDesignator=R37 NewDesignator=R40
Change Component Designator: OldDesignator=R38 NewDesignator=R41
Change Component Designator: OldDesignator=R39 NewDesignator=R42
Change Component Designator: OldDesignator=R40 NewDesignator=R43
Change Component Designator: OldDesignator=R41 NewDesignator=R44
Change Component Designator: OldDesignator=R42 NewDesignator=R45
Change Component Designator: OldDesignator=R43 NewDesignator=R46
Change Component Designator: OldDesignator=R44 NewDesignator=R47
Change Component Designator: OldDesignator=R45 NewDesignator=R49
Change Component Designator: OldDesignator=R46 NewDesignator=R50
Change Component Designator: OldDesignator=R47 NewDesignator=R51
Change Component Designator: OldDesignator=R48 NewDesignator=R52
Change Component Designator: OldDesignator=R49 NewDesignator=R53
Change Component Designator: OldDesignator=R51 NewDesignator=R54
Change Component Designator: OldDesignator=R54 NewDesignator=R48
Change Component Designator: OldDesignator=R55 NewDesignator=R24
Change Component Designator: OldDesignator=R56 NewDesignator=R23
Change Component Designator: OldDesignator=R57 NewDesignator=R25
Change Component Designator: OldDesignator=R? NewDesignator=R37
Change Net Name : Old Net Name=NetD22_2 New Net Name=NetD21_2
Change Net Name : Old Net Name=NetD23_2 New Net Name=NetD22_2
Change Net Name : Old Net Name=NetK?_A2 New Net Name=NetK1_A2
Change Net Name : Old Net Name=NetLatching Delay_1 New Net Name=NetLatching Delay1_1
Change Net Name : Old Net Name=NetLD2_5 New Net Name=NetLD3_5
Change Net Name : Old Net Name=NetQ4_2 New Net Name=NetQ5_2
Change Net Name : Old Net Name=NetQ5_4 New Net Name=NetQ6_4
Change Net Name : Old Net Name=NetQ6_3 New Net Name=NetQ7_3
Change Net Name : Old Net Name=NetQ7_2 New Net Name=NetQ8_2
Change Net Name : Old Net Name=NetQ10_1 New Net Name=NetQ2_1
Add Class: Class already exists: Designator
Add Class: Class already exists: Designator
Add Class: Class already exists: Designator
Add Class: Class already exists: Designator
Add Class: Class already exists: Designator
Added Member To Class: ClassName=Designator Member=Component C1 UUD1H101MNL1GS
Added Member To Class: ClassName=1  - Connectors Member=Component CN2 5-1418363-1
Change Room Name: Old Name=Designator_6 New Name=Designator
Change Room Name: Old Name=Designator_5 New Name=Designator
Added Room: Name=Designator
Added Room: Name=Designator
